[0m2021.02.11 08:43:26 INFO  Started: Metals version 0.9.10 in workspace '/Users/billlasley/lila-fishnet' for client vscode 1.53.1.[0m
[0m2021.02.11 08:43:29 INFO  time: initialize in 2.33s[0m
[0m2021.02.11 08:43:29 INFO  Attempting to connect to the build server...[0m
Starting the bsp launcher for bloop...
Opening a bsp server connection with 'bsp --protocol local --socket /var/folders/3k/kvy6ccz93zxddhpv764phbhh0000gn/T/bsp-launcher7908539240309020780/bsp.socket'...
Waiting for the bsp connection to come up...
[0m[32m[D][0m Waiting for a connection at local:///var/folders/3k/kvy6ccz93zxddhpv764phbhh0000gn/T/bsp-launcher7908539240309020780/bsp.socket...
The server is listening for incoming connections at local:///var/folders/3k/kvy6ccz93zxddhpv764phbhh0000gn/T/bsp-launcher7908539240309020780/bsp.socket...
Starting thread that pumps stdin and redirects it to the bsp server...
Starting thread that pumps server stdout and redirects it to the client stdout...
[0m2021.02.11 08:43:29 INFO  tracing is disabled for protocol BSP, to enable tracing of incoming and outgoing JSON messages create an empty file at /Users/billlasley/Library/Caches/org.scalameta.metals/bsp.trace.json[0m
[0m2021.02.11 08:43:29 INFO  time: connected to build server in 0.25s[0m
[0m2021.02.11 08:43:29 INFO  Connected to Build server v1.4.6-21-464e4ec4[0m
[0m2021.02.11 08:43:29 ERROR Empty build targets. Expected at least one build target identifier.[0m
[0m2021.02.11 08:43:29 ERROR Empty build targets. Expected at least one build target identifier.[0m
[0m2021.02.11 08:43:29 ERROR Empty build targets. Expected at least one build target identifier.[0m
[0m2021.02.11 08:43:31 INFO  time: indexed workspace in 1.97s[0m
[0m2021.02.11 08:43:43 INFO  running '/Users/billlasley/.jabba/jdk/adopt@1.11.0-9/Contents/Home/bin/java -Djline.terminal=jline.UnsupportedTerminal -Dsbt.log.noformat=true -Dfile.encoding=UTF-8 -jar /var/folders/3k/kvy6ccz93zxddhpv764phbhh0000gn/T/metals6722474532761924224/sbt-launch.jar -Dbloop.export-jar-classifiers=sources bloopInstall'[0m
[0m2021.02.11 08:43:44 WARN  no build target for: /Users/billlasley/lila-fishnet/project/metals.sbt[0m
[0m2021.02.11 08:43:44 WARN  no build target for: /Users/billlasley/lila-fishnet/project/project/metals.sbt[0m
[0m2021.02.11 08:43:43 WARN  Unable to produce semanticdb for /Users/billlasley/lila-fishnet/project/metals.sbt[0m
[0m2021.02.11 08:43:44 WARN  Unable to produce semanticdb for /Users/billlasley/lila-fishnet/project/project/metals.sbt[0m
[0m2021.02.11 08:43:44 INFO  skipping build import with status 'Started'[0m
[0m2021.02.11 08:43:45 INFO  [info] welcome to sbt 1.4.7 (AdoptOpenJDK Java 11.0.9)[0m
[0m2021.02.11 08:43:47 INFO  [info] loading settings for project lila-fishnet-build-build-build from metals.sbt ...[0m
[0m2021.02.11 08:43:47 INFO  [info] loading project definition from /Users/billlasley/lila-fishnet/project/project/project[0m
[0m2021.02.11 08:43:49 INFO  [info] loading settings for project lila-fishnet-build-build from metals.sbt ...[0m
[0m2021.02.11 08:43:49 INFO  [info] loading project definition from /Users/billlasley/lila-fishnet/project/project[0m
[0m2021.02.11 08:43:51 INFO  [success] Generated .bloop/lila-fishnet-build-build.json[0m
[0m2021.02.11 08:43:51 INFO  [success] Total time: 1 s, completed Feb 11, 2021, 8:43:51 AM[0m
[0m2021.02.11 08:43:52 INFO  [info] loading settings for project lila-fishnet-build from metals.sbt,plugins.sbt ...[0m
[0m2021.02.11 08:43:52 INFO  [info] loading project definition from /Users/billlasley/lila-fishnet/project[0m
[0m2021.02.11 08:43:53 INFO  [warn] There may be incompatibilities among your library dependencies; run 'evicted' to see detailed eviction warnings.[0m
[0m2021.02.11 08:43:53 INFO  [success] Generated .bloop/lila-fishnet-build.json[0m
[0m2021.02.11 08:43:53 INFO  [success] Total time: 1 s, completed Feb 11, 2021, 8:43:53 AM[0m
[0m2021.02.11 08:43:56 INFO  [info] loading settings for project lila-fishnet from build.sbt ...[0m
[0m2021.02.11 08:43:56 INFO  [info] set current project to lila-fishnet (in build file:/Users/billlasley/lila-fishnet/)[0m
[0m2021.02.11 08:44:19 INFO  [warn] There may be incompatibilities among your library dependencies; run 'evicted' to see detailed eviction warnings.[0m
[0m2021.02.11 08:44:19 INFO  [success] Generated .bloop/lila-fishnet-test.json[0m
[0m2021.02.11 08:44:19 INFO  [success] Generated .bloop/lila-fishnet.json[0m
[0m2021.02.11 08:44:19 INFO  [success] Total time: 23 s, completed Feb 11, 2021, 8:44:19 AM[0m
[0m2021.02.11 08:44:19 INFO  sbt bloopInstall exit: 0[0m
[0m2021.02.11 08:44:19 INFO  time: ran 'sbt bloopInstall' in 35s[0m
[0m2021.02.11 08:44:19 INFO  Disconnecting from Bloop session...[0m
[0m2021.02.11 08:44:19 INFO  Shut down connection with build server.[0m
No more data in the client stdin, exiting...
[0m2021.02.11 08:44:19 INFO  Attempting to connect to the build server...[0m
Starting the bsp launcher for bloop...
Opening a bsp server connection with 'bsp --protocol local --socket /var/folders/3k/kvy6ccz93zxddhpv764phbhh0000gn/T/bsp-launcher3294334188594197407/bsp.socket'...
Waiting for the bsp connection to come up...
No more data in the server stdin, exiting...
No more data in the server stdin, exiting...
[0m[32m[D][0m Loading 2 projects from '/Users/billlasley/lila-fishnet/.bloop'...
[0m[32m[D][0m Loading project from '/Users/billlasley/lila-fishnet/.bloop/lila-fishnet.json'
[0m[32m[D][0m Loading project from '/Users/billlasley/lila-fishnet/.bloop/lila-fishnet-test.json'
[0m[32m[D][0m Cache miss for scala instance org.scala-lang:scala-compiler:2.13.4.
[0m[32m[D][0m   => /Users/billlasley/Library/Caches/Coursier/v1/https/repo1.maven.org/maven2/net/java/dev/jna/jna/5.3.1/jna-5.3.1.jar
[0m[32m[D][0m   => /Users/billlasley/Library/Caches/Coursier/v1/https/repo1.maven.org/maven2/org/jline/jline/3.16.0/jline-3.16.0.jar
[0m[32m[D][0m   => /Users/billlasley/Library/Caches/Coursier/v1/https/repo1.maven.org/maven2/org/scala-lang/scala-compiler/2.13.4/scala-compiler-2.13.4.jar
[0m[32m[D][0m   => /Users/billlasley/Library/Caches/Coursier/v1/https/repo1.maven.org/maven2/org/scala-lang/scala-library/2.13.4/scala-library-2.13.4.jar
[0m[32m[D][0m   => /Users/billlasley/Library/Caches/Coursier/v1/https/repo1.maven.org/maven2/org/scala-lang/scala-reflect/2.13.4/scala-reflect-2.13.4.jar
[0m[32m[D][0m Waiting for a connection at local:///var/folders/3k/kvy6ccz93zxddhpv764phbhh0000gn/T/bsp-launcher3294334188594197407/bsp.socket...
The server is listening for incoming connections at local:///var/folders/3k/kvy6ccz93zxddhpv764phbhh0000gn/T/bsp-launcher3294334188594197407/bsp.socket...
Starting thread that pumps stdin and redirects it to the bsp server...
Starting thread that pumps server stdout and redirects it to the client stdout...
[0m2021.02.11 08:44:19 INFO  tracing is disabled for protocol BSP, to enable tracing of incoming and outgoing JSON messages create an empty file at /Users/billlasley/Library/Caches/org.scalameta.metals/bsp.trace.json[0m
[0m2021.02.11 08:44:28 INFO  Attempting to connect to the build server...[0m
Starting the bsp launcher for bloop...
[0m2021.02.11 08:44:28 INFO  Attempting to connect to the build server...[0mOpening a bsp server connection with 'bsp --protocol local --socket /var/folders/3k/kvy6ccz93zxddhpv764phbhh0000gn/T/bsp-launcher1056732689482903578/bsp.socket'...

Waiting for the bsp connection to come up...
Starting the bsp launcher for bloop...
Opening a bsp server connection with 'bsp --protocol local --socket /var/folders/3k/kvy6ccz93zxddhpv764phbhh0000gn/T/bsp-launcher6303712381033565994/bsp.socket'...
Waiting for the bsp connection to come up...
[0m[32m[D][0m Loading workspace settings from bloop.settings.json
[0m[32m[D][0m Waiting for a connection at local:///var/folders/3k/kvy6ccz93zxddhpv764phbhh0000gn/T/bsp-launcher6303712381033565994/bsp.socket...
The server is listening for incoming connections at local:///var/folders/3k/kvy6ccz93zxddhpv764phbhh0000gn/T/bsp-launcher6303712381033565994/bsp.socket...
[0m[32m[D][0m Loading workspace settings from bloop.settings.json
[0m[32m[D][0m Waiting for a connection at local:///var/folders/3k/kvy6ccz93zxddhpv764phbhh0000gn/T/bsp-launcher1056732689482903578/bsp.socket...
The server is listening for incoming connections at local:///var/folders/3k/kvy6ccz93zxddhpv764phbhh0000gn/T/bsp-launcher1056732689482903578/bsp.socket...
Starting thread that pumps stdin and redirects it to the bsp server...
Starting thread that pumps stdin and redirects it to the bsp server...
Starting thread that pumps server stdout and redirects it to the client stdout...
Starting thread that pumps server stdout and redirects it to the client stdout...
[0m2021.02.11 08:44:28 INFO  tracing is disabled for protocol BSP, to enable tracing of incoming and outgoing JSON messages create an empty file at /Users/billlasley/Library/Caches/org.scalameta.metals/bsp.trace.json[0m
[0m2021.02.11 08:44:28 INFO  tracing is disabled for protocol BSP, to enable tracing of incoming and outgoing JSON messages create an empty file at /Users/billlasley/Library/Caches/org.scalameta.metals/bsp.trace.json[0m
[0m2021.02.11 08:44:28 INFO  time: connected to build server in 8.73s[0m
[0m2021.02.11 08:44:28 INFO  Connected to Build server v1.4.6-21-464e4ec4[0m
[0m2021.02.11 08:44:33 INFO  time: indexed workspace in 4.82s[0m
Feb 12, 2021 8:20:36 AM org.eclipse.lsp4j.jsonrpc.services.GenericEndpoint notify
INFO: Unsupported notification method: $/setTraceNotification
[0m2021.02.12 13:10:29 INFO  shutting down Metals[0m
[0m2021.02.12 13:10:29 INFO  Shut down connection with build server.[0m
No more data in the client stdin, exiting...
[0m2021.02.12 13:10:29 INFO  Shut down connection with build server.[0m
No more data in the client stdin, exiting...
No more data in the server stdin, exiting...
[0m2021.02.12 13:10:29 INFO  Shut down connection with build server.[0m
No more data in the client stdin, exiting...
No more data in the server stdin, exiting...
No more data in the server stdin, exiting...
No more data in the server stdin, exiting...
No more data in the server stdin, exiting...
[0m2021.02.22 14:20:16 INFO  Started: Metals version 0.9.10 in workspace '/Users/billlasley/Documents/GitHub/lila-fishnet' for client vscode 1.53.2.[0m
[0m2021.02.22 14:20:17 INFO  time: initialize in 1.42s[0m
[0m2021.02.22 14:20:21 INFO  Attempting to connect to the build server...[0m
Starting the bsp launcher for bloop...
Opening a bsp server connection with 'bsp --protocol local --socket /var/folders/3k/kvy6ccz93zxddhpv764phbhh0000gn/T/bsp-launcher10404494449172381745/bsp.socket'...
Waiting for the bsp connection to come up...
[0m[32m[D][0m Loading workspace settings from bloop.settings.json
[0m[32m[D][0m Loading 2 projects from '/Users/billlasley/Documents/GitHub/lila-fishnet/.bloop'...
[0m[32m[D][0m Loading project from '/Users/billlasley/Documents/GitHub/lila-fishnet/.bloop/lila-fishnet-test.json'
[0m[32m[D][0m Loading project from '/Users/billlasley/Documents/GitHub/lila-fishnet/.bloop/lila-fishnet.json'
[0m[32m[D][0m Configured SemanticDB in projects 'lila-fishnet-test', 'lila-fishnet'
[0m[32m[D][0m Missing analysis file for project 'lila-fishnet-test'
[0m[32m[D][0m Missing analysis file for project 'lila-fishnet'
[0m[32m[D][0m Waiting for a connection at local:///var/folders/3k/kvy6ccz93zxddhpv764phbhh0000gn/T/bsp-launcher10404494449172381745/bsp.socket...
The server is listening for incoming connections at local:///var/folders/3k/kvy6ccz93zxddhpv764phbhh0000gn/T/bsp-launcher10404494449172381745/bsp.socket...
Starting thread that pumps stdin and redirects it to the bsp server...
Starting thread that pumps server stdout and redirects it to the client stdout...
[0m2021.02.22 14:20:21 INFO  tracing is disabled for protocol BSP, to enable tracing of incoming and outgoing JSON messages create an empty file at /Users/billlasley/Library/Caches/org.scalameta.metals/bsp.trace.json[0m
[0m2021.02.22 14:20:21 INFO  Attempting to connect to the build server...[0m
Starting the bsp launcher for bloop...
[0m2021.02.22 14:20:21 INFO Opening a bsp server connection with 'bsp --protocol local --socket /var/folders/3k/kvy6ccz93zxddhpv764phbhh0000gn/T/bsp-launcher18240228753567077203/bsp.socket'... 
Attempting to connect to the build server...[0m
Waiting for the bsp connection to come up...
Starting the bsp launcher for bloop...
Opening a bsp server connection with 'bsp --protocol local --socket /var/folders/3k/kvy6ccz93zxddhpv764phbhh0000gn/T/bsp-launcher7833943671183972863/bsp.socket'...
Waiting for the bsp connection to come up...
[0m[32m[D][0m Loading workspace settings from bloop.settings.json
[0m[32m[D][0m Waiting for a connection at local:///var/folders/3k/kvy6ccz93zxddhpv764phbhh0000gn/T/bsp-launcher18240228753567077203/bsp.socket...
The server is listening for incoming connections at local:///var/folders/3k/kvy6ccz93zxddhpv764phbhh0000gn/T/bsp-launcher18240228753567077203/bsp.socket...
Starting thread that pumps stdin and redirects it to the bsp server...
Starting thread that pumps server stdout and redirects it to the client stdout...
[0m2021.02.22 14:20:22 INFO  tracing is disabled for protocol BSP, to enable tracing of incoming and outgoing JSON messages create an empty file at /Users/billlasley/Library/Caches/org.scalameta.metals/bsp.trace.json[0m
[0m[32m[D][0m Loading workspace settings from bloop.settings.json
[0m[32m[D][0m Waiting for a connection at local:///var/folders/3k/kvy6ccz93zxddhpv764phbhh0000gn/T/bsp-launcher7833943671183972863/bsp.socket...
The server is listening for incoming connections at local:///var/folders/3k/kvy6ccz93zxddhpv764phbhh0000gn/T/bsp-launcher7833943671183972863/bsp.socket...
Starting thread that pumps stdin and redirects it to the bsp server...
Starting thread that pumps server stdout and redirects it to the client stdout...
[0m2021.02.22 14:20:22 INFO  tracing is disabled for protocol BSP, to enable tracing of incoming and outgoing JSON messages create an empty file at /Users/billlasley/Library/Caches/org.scalameta.metals/bsp.trace.json[0m
[0m2021.02.22 14:20:22 INFO  time: connected to build server in 0.51s[0m
[0m2021.02.22 14:20:22 INFO  Connected to Build server v1.4.6-21-464e4ec4[0m
[0m2021.02.22 14:20:26 INFO  running '/Users/billlasley/.jabba/jdk/adopt@1.11.0-9/Contents/Home/bin/java -Djline.terminal=jline.UnsupportedTerminal -Dsbt.log.noformat=true -Dfile.encoding=UTF-8 -jar /var/folders/3k/kvy6ccz93zxddhpv764phbhh0000gn/T/metals6155531046615971124/sbt-launch.jar -Dbloop.export-jar-classifiers=sources bloopInstall'[0m
[0m2021.02.22 14:20:27 INFO  time: indexed workspace in 5.14s[0m
[0m2021.02.22 14:20:29 INFO  [info] welcome to sbt 1.4.7 (AdoptOpenJDK Java 11.0.9)[0m
[0m2021.02.22 14:20:30 INFO  [info] loading settings for project lila-fishnet-build-build-build from metals.sbt ...[0m
[0m2021.02.22 14:20:30 INFO  [info] loading project definition from /Users/billlasley/Documents/GitHub/lila-fishnet/project/project/project[0m
[0m2021.02.22 14:20:32 INFO  [info] loading settings for project lila-fishnet-build-build from metals.sbt ...[0m
[0m2021.02.22 14:20:32 INFO  [info] loading project definition from /Users/billlasley/Documents/GitHub/lila-fishnet/project/project[0m
[0m2021.02.22 14:20:35 INFO  [success] Generated .bloop/lila-fishnet-build-build.json[0m
[0m2021.02.22 14:20:35 INFO  [success] Total time: 2 s, completed Feb 22, 2021, 2:20:35 PM[0m
[0m2021.02.22 14:20:35 INFO  [info] loading settings for project lila-fishnet-build from metals.sbt,plugins.sbt ...[0m
[0m2021.02.22 14:20:35 INFO  [info] loading project definition from /Users/billlasley/Documents/GitHub/lila-fishnet/project[0m
[0m2021.02.22 14:20:36 INFO  [success] Generated .bloop/lila-fishnet-build.json[0m
[0m2021.02.22 14:20:36 INFO  [success] Total time: 1 s, completed Feb 22, 2021, 2:20:36 PM[0m
[0m2021.02.22 14:20:36 INFO  [info] loading settings for project lila-fishnet from build.sbt ...[0m
[0m2021.02.22 14:20:36 INFO  [info] set current project to lila-fishnet (in build file:/Users/billlasley/Documents/GitHub/lila-fishnet/)[0m
[0m2021.02.22 14:20:38 INFO  [warn] There may be incompatibilities among your library dependencies; run 'evicted' to see detailed eviction warnings.[0m
[0m2021.02.22 14:20:38 INFO  [warn] There may be incompatibilities among your library dependencies; run 'evicted' to see detailed eviction warnings.[0m
[0m2021.02.22 14:20:38 INFO  [success] Generated .bloop/lila-fishnet.json[0m
[0m2021.02.22 14:20:38 INFO  [success] Generated .bloop/lila-fishnet-test.json[0m
[0m2021.02.22 14:20:38 INFO  [success] Total time: 2 s, completed Feb 22, 2021, 2:20:39 PM[0m
[0m2021.02.22 14:20:39 INFO  sbt bloopInstall exit: 0[0m
[0m2021.02.22 14:20:39 INFO  time: ran 'sbt bloopInstall' in 12s[0m
[0m2021.02.22 14:20:39 INFO  Disconnecting from Bloop session...[0m
[0m2021.02.22 14:20:39 INFO  Shut down connection with build server.[0m
[0m2021.02.22 14:20:39 INFO  Shut down connection with build server.[0mNo more data in the server stdin, exiting...

No more data in the server stdin, exiting...[0m
2021.02.22 14:20:39No more data in the server stdin, exiting... 
INFO  Shut down connection with build server.No more data in the server stdin, exiting...[0m

No more data in the client stdin, exiting...
No more data in the server stdin, exiting...
No more data in the server stdin, exiting...
No more data in the client stdin, exiting...
No more data in the client stdin, exiting...
[0m2021.02.22 14:20:39 INFO  Attempting to connect to the build server...[0m
Starting the bsp launcher for bloop...
Opening a bsp server connection with 'bsp --protocol local --socket /var/folders/3k/kvy6ccz93zxddhpv764phbhh0000gn/T/bsp-launcher16521913119856941942/bsp.socket'...
Waiting for the bsp connection to come up...
[0m[32m[D][0m Loading workspace settings from bloop.settings.json
[0m[32m[D][0m Loading 2 projects from '/Users/billlasley/Documents/GitHub/lila-fishnet/.bloop'...
[0m[32m[D][0m Loading project from '/Users/billlasley/Documents/GitHub/lila-fishnet/.bloop/lila-fishnet.json'
[0m[32m[D][0m Loading project from '/Users/billlasley/Documents/GitHub/lila-fishnet/.bloop/lila-fishnet-test.json'
[0m[32m[D][0m Configured SemanticDB in projects 'lila-fishnet', 'lila-fishnet-test'
[0m[32m[D][0m Waiting for a connection at local:///var/folders/3k/kvy6ccz93zxddhpv764phbhh0000gn/T/bsp-launcher16521913119856941942/bsp.socket...
The server is listening for incoming connections at local:///var/folders/3k/kvy6ccz93zxddhpv764phbhh0000gn/T/bsp-launcher16521913119856941942/bsp.socket...
Starting thread that pumps stdin and redirects it to the bsp server...
Starting thread that pumps server stdout and redirects it to the client stdout...
[0m2021.02.22 14:20:39 INFO  tracing is disabled for protocol BSP, to enable tracing of incoming and outgoing JSON messages create an empty file at /Users/billlasley/Library/Caches/org.scalameta.metals/bsp.trace.json[0m
[0m2021.02.22 14:20:39 INFO  Attempting to connect to the build server...[0m
Starting the bsp launcher for bloop...
[0m2021.02.22 14:20:39 INFO  Attempting to connect to the build server...[0m
Opening a bsp server connection with 'bsp --protocol local --socket /var/folders/3k/kvy6ccz93zxddhpv764phbhh0000gn/T/bsp-launcher13741572163851746640/bsp.socket'...
Waiting for the bsp connection to come up...
Starting the bsp launcher for bloop...
Opening a bsp server connection with 'bsp --protocol local --socket /var/folders/3k/kvy6ccz93zxddhpv764phbhh0000gn/T/bsp-launcher15688173855321147044/bsp.socket'...
Waiting for the bsp connection to come up...
[0m[32m[D][0m Loading workspace settings from bloop.settings.json
[0m[32m[D][0m Waiting for a connection at local:///var/folders/3k/kvy6ccz93zxddhpv764phbhh0000gn/T/bsp-launcher13741572163851746640/bsp.socket...
The server is listening for incoming connections at local:///var/folders/3k/kvy6ccz93zxddhpv764phbhh0000gn/T/bsp-launcher13741572163851746640/bsp.socket...
[0m[32m[D][0m Loading workspace settings from bloop.settings.json
[0m[32m[D][0m Waiting for a connection at local:///var/folders/3k/kvy6ccz93zxddhpv764phbhh0000gn/T/bsp-launcher15688173855321147044/bsp.socket...
The server is listening for incoming connections at local:///var/folders/3k/kvy6ccz93zxddhpv764phbhh0000gn/T/bsp-launcher15688173855321147044/bsp.socket...
Starting thread that pumps stdin and redirects it to the bsp server...
Starting thread that pumps server stdout and redirects it to the client stdout...
Starting thread that pumps stdin and redirects it to the bsp server...
Starting thread that pumps server stdout and redirects it to the client stdout...
[0m2021.02.22 14:20:39 INFO  tracing is disabled for protocol BSP, to enable tracing of incoming and outgoing JSON messages create an empty file at /Users/billlasley/Library/Caches/org.scalameta.metals/bsp.trace.json[0m
[0m2021.02.22 14:20:39 INFO  tracing is disabled for protocol BSP, to enable tracing of incoming and outgoing JSON messages create an empty file at /Users/billlasley/Library/Caches/org.scalameta.metals/bsp.trace.json[0m
[0m2021.02.22 14:20:39 INFO  time: connected to build server in 49ms[0m
[0m2021.02.22 14:20:39 INFO  Connected to Build server v1.4.6-21-464e4ec4[0m
[0m2021.02.22 14:20:41 INFO  time: indexed workspace in 2.44s[0m
Feb 22, 2021 5:29:49 PM org.eclipse.lsp4j.jsonrpc.services.GenericEndpoint notify
INFO: Unsupported notification method: $/setTraceNotification
[0m2021.02.22 17:31:18 INFO  shutting down Metals[0m
[0m2021.02.22 17:31:18 INFO  Shut down connection with build server.[0m
[0m2021.02.22 17:31:18 INFO  No more data in the client stdin, exiting...Shut down connection with build server.
[0m
[0m2021.02.22 17:31:18 INFO  Shut down connection with build server.[0m
No more data in the client stdin, exiting...
No more data in the client stdin, exiting...
No more data in the server stdin, exiting...
No more data in the server stdin, exiting...
No more data in the server stdin, exiting...
No more data in the server stdin, exiting...
No more data in the server stdin, exiting...
No more data in the server stdin, exiting...
